-------------------------------------------------------------------------------
Test set: com.example.tracelabstask.TraceLabsTaskApplicationTests
-------------------------------------------------------------------------------
Tests run: 1, Failures: 0, Errors: 1, Skipped: 0, Time elapsed: 0.121 s <<< FAILURE! - in com.example.tracelabstask.TraceLabsTaskApplicationTests
com.example.tracelabstask.TraceLabsTaskApplicationTests  Time elapsed: 0.119 s  <<< ERROR!
java.lang.ExceptionInInitializerError
Caused by: org.apache.logging.log4j.LoggingException: log4j-slf4j-impl cannot be present with log4j-to-slf4j

